# JRE version: OpenJDK Runtime Environment (8.0_76-b03) (build 1.8.0_76-release-b03)
# Java VM: OpenJDK 64-Bit Server VM (25.76-b03 mixed mode linux-amd64 compressed oops)
Heap:
 PSYoungGen      total 201216K, used 36280K [0x00000000eab00000, 0x00000000fe980000, 0x0000000100000000)
  eden space 126976K, 0% used [0x00000000eab00000,0x00000000eab00000,0x00000000f2700000)
  from space 74240K, 48% used [0x00000000f2700000,0x00000000f4a6e138,0x00000000f6f80000)
  to   space 77312K, 0% used [0x00000000f9e00000,0x00000000f9e00000,0x00000000fe980000)
 ParOldGen       total 184320K, used 184193K [0x00000000c0000000, 0x00000000cb400000, 0x00000000eab00000)
  object space 184320K, 99% used [0x00000000c0000000,0x00000000cb3e0478,0x00000000cb400000)
 Metaspace       used 6079K, capacity 7024K, committed 7296K, reserved 1056768K
  class space    used 590K, capacity 616K, committed 640K, reserved 1048576K
GC Heap History (10 events):
Event: 8.293 GC heap after
Heap after GC invocations=9 (full 1):
 PSYoungGen      total 117760K, used 9565K [0x00000000eab00000, 0x00000000f6000000, 0x0000000100000000)
  eden space 103936K, 0% used [0x00000000eab00000,0x00000000eab00000,0x00000000f1080000)
  from space 13824K, 69% used [0x00000000f2f80000,0x00000000f38d77f0,0x00000000f3d00000)
  to   space 31744K, 0% used [0x00000000f1080000,0x00000000f1080000,0x00000000f2f80000)
 ParOldGen       total 100352K, used 55256K [0x00000000c0000000, 0x00000000c6200000, 0x00000000eab00000)
  object space 100352K, 55% used [0x00000000c0000000,0x00000000c35f6000,0x00000000c6200000)
 Metaspace       used 6069K, capacity 7024K, committed 7296K, reserved 1056768K
  class space    used 588K, capacity 616K, committed 640K, reserved 1048576K
}
Event: 8.429 GC heap before
{Heap before GC invocations=10 (full 1):
 PSYoungGen      total 117760K, used 113501K [0x00000000eab00000, 0x00000000f6000000, 0x0000000100000000)
  eden space 103936K, 100% used [0x00000000eab00000,0x00000000f1080000,0x00000000f1080000)
  from space 13824K, 69% used [0x00000000f2f80000,0x00000000f38d77f0,0x00000000f3d00000)
  to   space 31744K, 0% used [0x00000000f1080000,0x00000000f1080000,0x00000000f2f80000)
 ParOldGen       total 100352K, used 55256K [0x00000000c0000000, 0x00000000c6200000, 0x00000000eab00000)
  object space 100352K, 55% used [0x00000000c0000000,0x00000000c35f6000,0x00000000c6200000)
 Metaspace       used 6069K, capacity 7024K, committed 7296K, reserved 1056768K
  class space    used 588K, capacity 616K, committed 640K, reserved 1048576K
Event: 8.684 GC heap after
Heap after GC invocations=10 (full 1):
 PSYoungGen      total 135680K, used 31726K [0x00000000eab00000, 0x00000000fa800000, 0x0000000100000000)
  eden space 103936K, 0% used [0x00000000eab00000,0x00000000eab00000,0x00000000f1080000)
  from space 31744K, 99% used [0x00000000f1080000,0x00000000f2f7bb40,0x00000000f2f80000)
  to   space 57856K, 0% used [0x00000000f6f80000,0x00000000f6f80000,0x00000000fa800000)
 ParOldGen       total 107008K, used 106249K [0x00000000c0000000, 0x00000000c6880000, 0x00000000eab00000)
  object space 107008K, 99% used [0x00000000c0000000,0x00000000c67c2470,0x00000000c6880000)
 Metaspace       used 6069K, capacity 7024K, committed 7296K, reserved 1056768K
  class space    used 588K, capacity 616K, committed 640K, reserved 1048576K
}
Event: 8.684 GC heap before
{Heap before GC invocations=11 (full 2):
 PSYoungGen      total 135680K, used 31726K [0x00000000eab00000, 0x00000000fa800000, 0x0000000100000000)
  eden space 103936K, 0% used [0x00000000eab00000,0x00000000eab00000,0x00000000f1080000)
  from space 31744K, 99% used [0x00000000f1080000,0x00000000f2f7bb40,0x00000000f2f80000)
  to   space 57856K, 0% used [0x00000000f6f80000,0x00000000f6f80000,0x00000000fa800000)
 ParOldGen       total 107008K, used 106249K [0x00000000c0000000, 0x00000000c6880000, 0x00000000eab00000)
  object space 107008K, 99% used [0x00000000c0000000,0x00000000c67c2470,0x00000000c6880000)
 Metaspace       used 6069K, capacity 7024K, committed 7296K, reserved 1056768K
  class space    used 588K, capacity 616K, committed 640K, reserved 1048576K
Event: 8.967 GC heap after
Heap after GC invocations=11 (full 2):
 PSYoungGen      total 135680K, used 24360K [0x00000000eab00000, 0x00000000fa800000, 0x0000000100000000)
  eden space 103936K, 0% used [0x00000000eab00000,0x00000000eab00000,0x00000000f1080000)
  from space 31744K, 76% used [0x00000000f1080000,0x00000000f284a0a0,0x00000000f2f80000)
  to   space 57856K, 0% used [0x00000000f6f80000,0x00000000f6f80000,0x00000000fa800000)
 ParOldGen       total 184320K, used 106870K [0x00000000c0000000, 0x00000000cb400000, 0x00000000eab00000)
  object space 184320K, 57% used [0x00000000c0000000,0x00000000c685d8d0,0x00000000cb400000)
 Metaspace       used 6069K, capacity 7024K, committed 7296K, reserved 1056768K
  class space    used 588K, capacity 616K, committed 640K, reserved 1048576K
}
Event: 9.064 GC heap before
{Heap before GC invocations=12 (full 2):
 PSYoungGen      total 135680K, used 128296K [0x00000000eab00000, 0x00000000fa800000, 0x0000000100000000)
  eden space 103936K, 100% used [0x00000000eab00000,0x00000000f1080000,0x00000000f1080000)
  from space 31744K, 76% used [0x00000000f1080000,0x00000000f284a0a0,0x00000000f2f80000)
  to   space 57856K, 0% used [0x00000000f6f80000,0x00000000f6f80000,0x00000000fa800000)
 ParOldGen       total 184320K, used 106870K [0x00000000c0000000, 0x00000000cb400000, 0x00000000eab00000)
  object space 184320K, 57% used [0x00000000c0000000,0x00000000c685d8d0,0x00000000cb400000)
 Metaspace       used 6070K, capacity 7024K, committed 7296K, reserved 1056768K
  class space    used 588K, capacity 616K, committed 640K, reserved 1048576K
Event: 9.212 GC heap after
Heap after GC invocations=12 (full 2):
 PSYoungGen      total 184832K, used 57843K [0x00000000eab00000, 0x00000000fb980000, 0x0000000100000000)
  eden space 126976K, 0% used [0x00000000eab00000,0x00000000eab00000,0x00000000f2700000)
  from space 57856K, 99% used [0x00000000f6f80000,0x00000000fa7fcd70,0x00000000fa800000)
  to   space 74240K, 0% used [0x00000000f2700000,0x00000000f2700000,0x00000000f6f80000)
 ParOldGen       total 184320K, used 123333K [0x00000000c0000000, 0x00000000cb400000, 0x00000000eab00000)
  object space 184320K, 66% used [0x00000000c0000000,0x00000000c7871678,0x00000000cb400000)
 Metaspace       used 6070K, capacity 7024K, committed 7296K, reserved 1056768K
  class space    used 588K, capacity 616K, committed 640K, reserved 1048576K
}
Event: 9.484 GC heap before
{Heap before GC invocations=13 (full 2):
 PSYoungGen      total 184832K, used 184819K [0x00000000eab00000, 0x00000000fb980000, 0x0000000100000000)
  eden space 126976K, 100% used [0x00000000eab00000,0x00000000f2700000,0x00000000f2700000)
  from space 57856K, 99% used [0x00000000f6f80000,0x00000000fa7fcd70,0x00000000fa800000)
  to   space 74240K, 0% used [0x00000000f2700000,0x00000000f2700000,0x00000000f6f80000)
 ParOldGen       total 184320K, used 123333K [0x00000000c0000000, 0x00000000cb400000, 0x00000000eab00000)
  object space 184320K, 66% used [0x00000000c0000000,0x00000000c7871678,0x00000000cb400000)
 Metaspace       used 6079K, capacity 7024K, committed 7296K, reserved 1056768K
  class space    used 590K, capacity 616K, committed 640K, reserved 1048576K
Event: 12.027 GC heap after
Heap after GC invocations=13 (full 2):
 PSYoungGen      total 201216K, used 45737K [0x00000000eab00000, 0x00000000fe980000, 0x0000000100000000)
  eden space 126976K, 0% used [0x00000000eab00000,0x00000000eab00000,0x00000000f2700000)
  from space 74240K, 61% used [0x00000000f2700000,0x00000000f53aa618,0x00000000f6f80000)
  to   space 77312K, 0% used [0x00000000f9e00000,0x00000000f9e00000,0x00000000fe980000)
 ParOldGen       total 184320K, used 183605K [0x00000000c0000000, 0x00000000cb400000, 0x00000000eab00000)
  object space 184320K, 99% used [0x00000000c0000000,0x00000000cb34d7e8,0x00000000cb400000)
 Metaspace       used 6079K, capacity 7024K, committed 7296K, reserved 1056768K
  class space    used 590K, capacity 616K, committed 640K, reserved 1048576K
}
Event: 12.027 GC heap before
{Heap before GC invocations=14 (full 3):
 PSYoungGen      total 201216K, used 45737K [0x00000000eab00000, 0x00000000fe980000, 0x0000000100000000)
  eden space 126976K, 0% used [0x00000000eab00000,0x00000000eab00000,0x00000000f2700000)
  from space 74240K, 61% used [0x00000000f2700000,0x00000000f53aa618,0x00000000f6f80000)
  to   space 77312K, 0% used [0x00000000f9e00000,0x00000000f9e00000,0x00000000fe980000)
 ParOldGen       total 184320K, used 183605K [0x00000000c0000000, 0x00000000cb400000, 0x00000000eab00000)
  object space 184320K, 99% used [0x00000000c0000000,0x00000000cb34d7e8,0x00000000cb400000)
 Metaspace       used 6079K, capacity 7024K, committed 7296K, reserved 1056768K
  class space    used 590K, capacity 616K, committed 640K, reserved 1048576K

